[15:48:01] [ServerMain/INFO]: Environment: Environment[sessionHost=https://sessionserver.mojang.com, servicesHost=https://api.minecraftservices.com, name=PROD]
[15:48:04] [ServerMain/INFO]: Loaded 1290 recipes
[15:48:04] [ServerMain/INFO]: Loaded 1399 advancements
[15:48:05] [Server thread/INFO]: Starting minecraft server version 1.21
[15:48:05] [Server thread/INFO]: Loading properties
[15:48:05] [Server thread/INFO]: Default game type: SURVIVAL
[15:48:05] [Server thread/INFO]: Generating keypair
[15:48:05] [Server thread/INFO]: Starting Minecraft server on *:25565
[15:48:05] [Server thread/INFO]: Using epoll channel type
[15:48:05] [Server thread/WARN]: **** SERVER IS RUNNING IN OFFLINE/INSECURE MODE!
[15:48:05] [Server thread/WARN]: The server will make no attempt to authenticate usernames. Beware.
[15:48:05] [Server thread/WARN]: While this makes the game possible to play without internet access, it also opens up the ability for hackers to connect with any username they choose.
[15:48:05] [Server thread/WARN]: To change this, set "online-mode" to "true" in the server.properties file.
[15:48:05] [Server thread/INFO]: Preparing level "world"
[15:48:14] [Server thread/INFO]: Preparing start region for dimension minecraft:overworld
[15:48:14] [Worker-Main-1/INFO]: Preparing spawn area: 0%
[15:48:14] [Worker-Main-1/INFO]: Preparing spawn area: 0%
[15:48:15] [Server thread/INFO]: Time elapsed: 962 ms
[15:48:15] [Server thread/INFO]: Done (9.422s)! For help, type "help"
[15:49:25] [Server thread/INFO]: EthanRomeroo[/100.68.240.24:57477] logged in with entity id 16 at (-37.5, 80.0, 165.5)
[15:49:25] [Server thread/INFO]: EthanRomeroo joined the game
[15:50:20] [Server thread/INFO]: EthanRomeroo has made the advancement [Stone Age]
[15:51:17] [Server thread/INFO]: EthanRomeroo has made the advancement [Getting an Upgrade]
[15:59:37] [Server thread/INFO]: EthanRomeroo has made the advancement [Monster Hunter]
[16:00:44] [Server thread/INFO]: EthanRomeroo has made the advancement [Acquire Hardware]
[16:01:27] [Server thread/INFO]: EthanRomeroo has made the advancement [Suit Up]
[16:08:17] [Server thread/INFO]: Messi_chiquito11[/100.76.224.117:62384] logged in with entity id 4332 at (-54.5, 83.0, 162.5)
[16:08:17] [Server thread/INFO]: Messi_chiquito11 joined the game
